2018-05-22T21:39:37.219190+00:00 app[api]: Set DATABASE_URL config vars by user martin.michelleann@gmail.com
2018-05-22T21:39:37.219190+00:00 app[api]: Release v5 created by user martin.michelleann@gmail.com
2018-05-22T21:39:37.515530+00:00 heroku[web.1]: State changed from crashed to starting
2018-05-22T21:39:48.176397+00:00 heroku[web.1]: Starting process with command `bin/rails server -p 40201 -b 0.0.0.0`
2018-05-22T21:39:54.109816+00:00 heroku[web.1]: Process exited with status 1
2018-05-22T21:39:54.130008+00:00 heroku[web.1]: State changed from starting to crashed
2018-05-22T21:39:54.030525+00:00 app[web.1]: /app/vendor/bundle/ruby/2.5.0/gems/activerecord-5.2.0/lib/active_record/dynamic_matchers.rb:22:in `method_missing': undefined method `has_one_attached' for #<Class:0x00000000040a6640> (NoMethodError)
2018-05-22T21:39:54.030577+00:00 app[web.1]: from /app/vendor/bundle/ruby/2.5.0/gems/activestorage-5.2.0/app/models/active_storage/blob/representable.rb:7:in `block in <module:Representable>'
2018-05-22T21:39:54.030606+00:00 app[web.1]: from /app/vendor/bundle/ruby/2.5.0/gems/activesupport-5.2.0/lib/active_support/concern.rb:122:in `class_eval'
2018-05-22T21:39:54.030631+00:00 app[web.1]: from /app/vendor/bundle/ruby/2.5.0/gems/activesupport-5.2.0/lib/active_support/concern.rb:122:in `append_features'
2018-05-22T21:39:54.030652+00:00 app[web.1]: from /app/vendor/bundle/ruby/2.5.0/gems/activestorage-5.2.0/app/models/active_storage/blob.rb:23:in `include'
2018-05-22T21:39:54.030695+00:00 app[web.1]: from /app/vendor/bundle/ruby/2.5.0/gems/activestorage-5.2.0/app/models/active_storage/blob.rb:23:in `<class:Blob>'
2018-05-22T21:39:54.030736+00:00 app[web.1]: from /app/vendor/bundle/ruby/2.5.0/gems/activestorage-5.2.0/app/models/active_storage/blob.rb:16:in `<main>'
2018-05-22T21:39:54.030761+00:00 app[web.1]: from /app/vendor/bundle/ruby/2.5.0/gems/bootsnap-1.3.0/lib/bootsnap/load_path_cache/core_ext/kernel_require.rb:21:in `require'
2018-05-22T21:39:54.030784+00:00 app[web.1]: from /app/vendor/bundle/ruby/2.5.0/gems/bootsnap-1.3.0/lib/bootsnap/load_path_cache/core_ext/kernel_require.rb:21:in `block in require_with_bootsnap_lfi'
2018-05-22T21:39:54.030806+00:00 app[web.1]: from /app/vendor/bundle/ruby/2.5.0/gems/bootsnap-1.3.0/lib/bootsnap/load_path_cache/loaded_features_index.rb:65:in `register'
2018-05-22T21:39:54.030826+00:00 app[web.1]: from /app/vendor/bundle/ruby/2.5.0/gems/bootsnap-1.3.0/lib/bootsnap/load_path_cache/core_ext/kernel_require.rb:20:in `require_with_bootsnap_lfi'
2018-05-22T21:39:54.030851+00:00 app[web.1]: from /app/vendor/bundle/ruby/2.5.0/gems/bootsnap-1.3.0/lib/bootsnap/load_path_cache/core_ext/kernel_require.rb:29:in `require'
2018-05-22T21:39:54.030911+00:00 app[web.1]: from /app/vendor/bundle/ruby/2.5.0/gems/activesupport-5.2.0/lib/active_support/dependencies.rb:283:in `block in require'
2018-05-22T21:39:54.030937+00:00 app[web.1]: from /app/vendor/bundle/ruby/2.5.0/gems/activesupport-5.2.0/lib/active_support/dependencies.rb:249:in `load_dependency'
2018-05-22T21:39:54.030961+00:00 app[web.1]: from /app/vendor/bundle/ruby/2.5.0/gems/activesupport-5.2.0/lib/active_support/dependencies.rb:283:in `require'
2018-05-22T21:39:54.030983+00:00 app[web.1]: from /app/vendor/bundle/ruby/2.5.0/gems/activesupport-5.2.0/lib/active_support/dependencies.rb:370:in `block in require_or_load'
2018-05-22T21:39:54.031007+00:00 app[web.1]: from /app/vendor/bundle/ruby/2.5.0/gems/activesupport-5.2.0/lib/active_support/dependencies.rb:37:in `block in load_interlock'
2018-05-22T21:39:54.031047+00:00 app[web.1]: from /app/vendor/bundle/ruby/2.5.0/gems/activesupport-5.2.0/lib/active_support/dependencies/interlock.rb:14:in `block in loading'
2018-05-22T21:39:54.031086+00:00 app[web.1]: from /app/vendor/bundle/ruby/2.5.0/gems/activesupport-5.2.0/lib/active_support/concurrency/share_lock.rb:151:in `exclusive'
2018-05-22T21:39:54.031109+00:00 app[web.1]: from /app/vendor/bundle/ruby/2.5.0/gems/activesupport-5.2.0/lib/active_support/dependencies/interlock.rb:13:in `loading'
2018-05-22T21:39:54.031133+00:00 app[web.1]: from /app/vendor/bundle/ruby/2.5.0/gems/activesupport-5.2.0/lib/active_support/dependencies.rb:37:in `load_interlock'
2018-05-22T21:39:54.031157+00:00 app[web.1]: from /app/vendor/bundle/ruby/2.5.0/gems/activesupport-5.2.0/lib/active_support/dependencies.rb:348:in `require_or_load'
2018-05-22T21:39:54.031179+00:00 app[web.1]: from /app/vendor/bundle/ruby/2.5.0/gems/activesupport-5.2.0/lib/active_support/dependencies.rb:326:in `depend_on'
2018-05-22T21:39:54.031203+00:00 app[web.1]: from /app/vendor/bundle/ruby/2.5.0/gems/bootsnap-1.3.0/lib/bootsnap/load_path_cache/core_ext/active_support.rb:59:in `depend_on'
2018-05-22T21:39:54.031264+00:00 app[web.1]: from /app/vendor/bundle/ruby/2.5.0/gems/activesupport-5.2.0/lib/active_support/dependencies.rb:242:in `require_dependency'
2018-05-22T21:39:54.031285+00:00 app[web.1]: from /app/vendor/bundle/ruby/2.5.0/gems/railties-5.2.0/lib/rails/engine.rb:478:in `block (2 levels) in eager_load!'
2018-05-22T21:39:54.031308+00:00 app[web.1]: from /app/vendor/bundle/ruby/2.5.0/gems/railties-5.2.0/lib/rails/engine.rb:477:in `each'
2018-05-22T21:39:54.031333+00:00 app[web.1]: from /app/vendor/bundle/ruby/2.5.0/gems/railties-5.2.0/lib/rails/engine.rb:477:in `block in eager_load!'
2018-05-22T21:39:54.031357+00:00 app[web.1]: from /app/vendor/bundle/ruby/2.5.0/gems/railties-5.2.0/lib/rails/engine.rb:475:in `each'
2018-05-22T21:39:54.031381+00:00 app[web.1]: from /app/vendor/bundle/ruby/2.5.0/gems/railties-5.2.0/lib/rails/engine.rb:475:in `eager_load!'
2018-05-22T21:39:54.031435+00:00 app[web.1]: from /app/vendor/bundle/ruby/2.5.0/gems/railties-5.2.0/lib/rails/engine.rb:356:in `eager_load!'
2018-05-22T21:39:54.031459+00:00 app[web.1]: from /app/vendor/bundle/ruby/2.5.0/gems/railties-5.2.0/lib/rails/application/finisher.rb:69:in `each'
2018-05-22T21:39:54.031484+00:00 app[web.1]: from /app/vendor/bundle/ruby/2.5.0/gems/railties-5.2.0/lib/rails/application/finisher.rb:69:in `block in <module:Finisher>'
2018-05-22T21:39:54.031510+00:00 app[web.1]: from /app/vendor/bundle/ruby/2.5.0/gems/railties-5.2.0/lib/rails/initializable.rb:32:in `instance_exec'
2018-05-22T21:39:54.031533+00:00 app[web.1]: from /app/vendor/bundle/ruby/2.5.0/gems/railties-5.2.0/lib/rails/initializable.rb:32:in `run'
2018-05-22T21:39:54.031555+00:00 app[web.1]: from /app/vendor/bundle/ruby/2.5.0/gems/railties-5.2.0/lib/rails/initializable.rb:61:in `block in run_initializers'
2018-05-22T21:39:54.031607+00:00 app[web.1]: from /app/vendor/ruby-2.5.1/lib/ruby/2.5.0/tsort.rb:228:in `block in tsort_each'
2018-05-22T21:39:54.031633+00:00 app[web.1]: from /app/vendor/ruby-2.5.1/lib/ruby/2.5.0/tsort.rb:350:in `block (2 levels) in each_strongly_connected_component'
2018-05-22T21:39:54.031655+00:00 app[web.1]: from /app/vendor/ruby-2.5.1/lib/ruby/2.5.0/tsort.rb:431:in `each_strongly_connected_component_from'
2018-05-22T21:39:54.031677+00:00 app[web.1]: from /app/vendor/ruby-2.5.1/lib/ruby/2.5.0/tsort.rb:349:in `block in each_strongly_connected_component'
2018-05-22T21:39:54.031702+00:00 app[web.1]: from /app/vendor/ruby-2.5.1/lib/ruby/2.5.0/tsort.rb:347:in `each'
2018-05-22T21:39:54.031726+00:00 app[web.1]: from /app/vendor/ruby-2.5.1/lib/ruby/2.5.0/tsort.rb:347:in `call'
2018-05-22T21:39:54.031776+00:00 app[web.1]: from /app/vendor/ruby-2.5.1/lib/ruby/2.5.0/tsort.rb:347:in `each_strongly_connected_component'
2018-05-22T21:39:54.031801+00:00 app[web.1]: from /app/vendor/ruby-2.5.1/lib/ruby/2.5.0/tsort.rb:226:in `tsort_each'
2018-05-22T21:39:54.031824+00:00 app[web.1]: from /app/vendor/ruby-2.5.1/lib/ruby/2.5.0/tsort.rb:205:in `tsort_each'
2018-05-22T21:39:54.031845+00:00 app[web.1]: from /app/vendor/bundle/ruby/2.5.0/gems/railties-5.2.0/lib/rails/initializable.rb:60:in `run_initializers'
2018-05-22T21:39:54.031870+00:00 app[web.1]: from /app/vendor/bundle/ruby/2.5.0/gems/railties-5.2.0/lib/rails/application.rb:361:in `initialize!'
2018-05-22T21:39:54.031895+00:00 app[web.1]: from /app/config/environment.rb:5:in `<main>'
2018-05-22T21:39:54.031952+00:00 app[web.1]: from /app/vendor/bundle/ruby/2.5.0/gems/bootsnap-1.3.0/lib/bootsnap/load_path_cache/core_ext/kernel_require.rb:21:in `require'
2018-05-22T21:39:54.031975+00:00 app[web.1]: from /app/vendor/bundle/ruby/2.5.0/gems/bootsnap-1.3.0/lib/bootsnap/load_path_cache/core_ext/kernel_require.rb:21:in `block in require_with_bootsnap_lfi'
2018-05-22T21:39:54.031999+00:00 app[web.1]: from /app/vendor/bundle/ruby/2.5.0/gems/bootsnap-1.3.0/lib/bootsnap/load_path_cache/loaded_features_index.rb:65:in `register'
2018-05-22T21:39:54.032024+00:00 app[web.1]: from /app/vendor/bundle/ruby/2.5.0/gems/bootsnap-1.3.0/lib/bootsnap/load_path_cache/core_ext/kernel_require.rb:20:in `require_with_bootsnap_lfi'
2018-05-22T21:39:54.032049+00:00 app[web.1]: from /app/vendor/bundle/ruby/2.5.0/gems/bootsnap-1.3.0/lib/bootsnap/load_path_cache/core_ext/kernel_require.rb:29:in `require'
2018-05-22T21:39:54.032073+00:00 app[web.1]: from /app/vendor/bundle/ruby/2.5.0/gems/activesupport-5.2.0/lib/active_support/dependencies.rb:283:in `block in require'
2018-05-22T21:39:54.032127+00:00 app[web.1]: from /app/vendor/bundle/ruby/2.5.0/gems/activesupport-5.2.0/lib/active_support/dependencies.rb:249:in `load_dependency'
2018-05-22T21:39:54.032152+00:00 app[web.1]: from /app/vendor/bundle/ruby/2.5.0/gems/activesupport-5.2.0/lib/active_support/dependencies.rb:283:in `require'
2018-05-22T21:39:54.032174+00:00 app[web.1]: from /app/vendor/bundle/ruby/2.5.0/gems/bootsnap-1.3.0/lib/bootsnap/load_path_cache/core_ext/kernel_require.rb:44:in `require_relative'
2018-05-22T21:39:54.032198+00:00 app[web.1]: from config.ru:3:in `block in <main>'
2018-05-22T21:39:54.032221+00:00 app[web.1]: from /app/vendor/bundle/ruby/2.5.0/gems/rack-2.0.5/lib/rack/builder.rb:55:in `instance_eval'
2018-05-22T21:39:54.032243+00:00 app[web.1]: from /app/vendor/bundle/ruby/2.5.0/gems/rack-2.0.5/lib/rack/builder.rb:55:in `initialize'
2018-05-22T21:39:54.032308+00:00 app[web.1]: from config.ru:in `new'
2018-05-22T21:39:54.032331+00:00 app[web.1]: from config.ru:in `<main>'
2018-05-22T21:39:54.032351+00:00 app[web.1]: from /app/vendor/bundle/ruby/2.5.0/gems/rack-2.0.5/lib/rack/builder.rb:49:in `eval'
2018-05-22T21:39:54.032370+00:00 app[web.1]: from /app/vendor/bundle/ruby/2.5.0/gems/rack-2.0.5/lib/rack/builder.rb:49:in `new_from_string'
2018-05-22T21:39:54.032393+00:00 app[web.1]: from /app/vendor/bundle/ruby/2.5.0/gems/rack-2.0.5/lib/rack/builder.rb:40:in `parse_file'
2018-05-22T21:39:54.032423+00:00 app[web.1]: from /app/vendor/bundle/ruby/2.5.0/gems/rack-2.0.5/lib/rack/server.rb:319:in `build_app_and_options_from_config'
2018-05-22T21:39:54.032476+00:00 app[web.1]: from /app/vendor/bundle/ruby/2.5.0/gems/rack-2.0.5/lib/rack/server.rb:219:in `app'
2018-05-22T21:39:54.032500+00:00 app[web.1]: from /app/vendor/bundle/ruby/2.5.0/gems/railties-5.2.0/lib/rails/commands/server/server_command.rb:27:in `app'
2018-05-22T21:39:54.032522+00:00 app[web.1]: from /app/vendor/bundle/ruby/2.5.0/gems/rack-2.0.5/lib/rack/server.rb:354:in `wrapped_app'
2018-05-22T21:39:54.032546+00:00 app[web.1]: from /app/vendor/bundle/ruby/2.5.0/gems/rack-2.0.5/lib/rack/server.rb:283:in `start'
2018-05-22T21:39:54.032571+00:00 app[web.1]: from /app/vendor/bundle/ruby/2.5.0/gems/railties-5.2.0/lib/rails/commands/server/server_command.rb:53:in `start'
2018-05-22T21:39:54.032612+00:00 app[web.1]: from /app/vendor/bundle/ruby/2.5.0/gems/railties-5.2.0/lib/rails/commands/server/server_command.rb:147:in `block in perform'
2018-05-22T21:39:54.032649+00:00 app[web.1]: from /app/vendor/bundle/ruby/2.5.0/gems/railties-5.2.0/lib/rails/commands/server/server_command.rb:142:in `tap'
2018-05-22T21:39:54.032680+00:00 app[web.1]: from /app/vendor/bundle/ruby/2.5.0/gems/railties-5.2.0/lib/rails/commands/server/server_command.rb:142:in `perform'
2018-05-22T21:39:54.032705+00:00 app[web.1]: from /app/vendor/bundle/ruby/2.5.0/gems/thor-0.20.0/lib/thor/command.rb:27:in `run'
2018-05-22T21:39:54.032730+00:00 app[web.1]: from /app/vendor/bundle/ruby/2.5.0/gems/thor-0.20.0/lib/thor/invocation.rb:126:in `invoke_command'
2018-05-22T21:39:54.032753+00:00 app[web.1]: from /app/vendor/bundle/ruby/2.5.0/gems/thor-0.20.0/lib/thor.rb:387:in `dispatch'
2018-05-22T21:39:54.032789+00:00 app[web.1]: from /app/vendor/bundle/ruby/2.5.0/gems/railties-5.2.0/lib/rails/command/base.rb:65:in `perform'
2018-05-22T21:39:54.032829+00:00 app[web.1]: from /app/vendor/bundle/ruby/2.5.0/gems/railties-5.2.0/lib/rails/command.rb:46:in `invoke'
2018-05-22T21:39:54.032852+00:00 app[web.1]: from /app/vendor/bundle/ruby/2.5.0/gems/railties-5.2.0/lib/rails/commands.rb:18:in `<main>'
2018-05-22T21:39:54.032873+00:00 app[web.1]: from /app/vendor/bundle/ruby/2.5.0/gems/bootsnap-1.3.0/lib/bootsnap/load_path_cache/core_ext/kernel_require.rb:21:in `require'
2018-05-22T21:39:54.032898+00:00 app[web.1]: from /app/vendor/bundle/ruby/2.5.0/gems/bootsnap-1.3.0/lib/bootsnap/load_path_cache/core_ext/kernel_require.rb:21:in `block in require_with_bootsnap_lfi'
2018-05-22T21:39:54.032921+00:00 app[web.1]: from /app/vendor/bundle/ruby/2.5.0/gems/bootsnap-1.3.0/lib/bootsnap/load_path_cache/loaded_features_index.rb:65:in `register'
2018-05-22T21:39:54.032941+00:00 app[web.1]: from /app/vendor/bundle/ruby/2.5.0/gems/bootsnap-1.3.0/lib/bootsnap/load_path_cache/core_ext/kernel_require.rb:20:in `require_with_bootsnap_lfi'
2018-05-22T21:39:54.032999+00:00 app[web.1]: from /app/vendor/bundle/ruby/2.5.0/gems/bootsnap-1.3.0/lib/bootsnap/load_path_cache/core_ext/kernel_require.rb:29:in `require'
2018-05-22T21:39:54.033024+00:00 app[web.1]: from /app/vendor/bundle/ruby/2.5.0/gems/activesupport-5.2.0/lib/active_support/dependencies.rb:283:in `block in require'
2018-05-22T21:39:54.033052+00:00 app[web.1]: from /app/vendor/bundle/ruby/2.5.0/gems/activesupport-5.2.0/lib/active_support/dependencies.rb:249:in `load_dependency'
2018-05-22T21:39:54.033074+00:00 app[web.1]: from /app/vendor/bundle/ruby/2.5.0/gems/activesupport-5.2.0/lib/active_support/dependencies.rb:283:in `require'
2018-05-22T21:39:54.033097+00:00 app[web.1]: from bin/rails:4:in `<main>'
2018-05-22T21:39:54.040763+00:00 app[web.1]: => Booting Puma
2018-05-22T21:39:54.040768+00:00 app[web.1]: => Rails 5.2.0 application starting in production
2018-05-22T21:39:54.040769+00:00 app[web.1]: => Run `rails server -h` for more startup options
2018-05-22T21:39:54.040771+00:00 app[web.1]: Exiting
2018-05-22T21:39:59.374048+00:00 heroku[router]: at=error code=H10 desc="App crashed" method=GET path="/" host=mycrobio-me.herokuapp.com request_id=ca43c7fc-8963-4145-bdd9-af64b409a317 fwd="50.202.196.134" dyno= connect= service= status=503 bytes= protocol=https
